num chr Marker bp cM Phenotype Model LOD Linkage-p LD|Linkage LD|NoLinkage Linkage|LD LD+Linkage all1 all2
1 1 rs7530511 67457975 0 DISEASE_LOCUS model-based 0.002021 0.461565 0.529452 0.524647 0.999408 0.670710  23 149
2 1 rs11209026 67478546 0 DISEASE_LOCUS model-based 0.000000 0.500000 0.274780 0.274780 1.000000 0.412808  9 165
3 1 rs12131065 67541594 0 DISEASE_LOCUS model-based 0.000000 0.500000 0.498504 0.498503 1.000000 0.646885  87 87
4 1 rs12402809 86278155 0 DISEASE_LOCUS model-based 0.000575 0.479472 0.419625 0.618005 0.524378 0.569878  30 144
5 1 rs12743345 86282584 0 DISEASE_LOCUS model-based -0.000000 0.500000 0.808351 0.808353 1.000000 0.889684  52 122
6 1 rs4845450 150857824 0 DISEASE_LOCUS model-based 0.000027 0.495590 0.323527 0.581626 0.412686 0.468874  51 119
7 1 rs4845459 150870466 0 DISEASE_LOCUS model-based 0.003247 0.451326 0.246456 0.528549 0.326948 0.375469  47 121
8 1 rs6701216 151045150 0 DISEASE_LOCUS model-based 0.021956 0.375255 0.753427 0.665386 0.910190 0.779923  35 139
9 2 rs11126740 79754603 0 DISEASE_LOCUS model-based -0.000000 0.500000 0.514135 0.514135 0.999747 0.661210  37 131
11 2 rs397211 113608612 0 DISEASE_LOCUS model-based 0.000274 0.485828 0.534467 0.976001 0.534278 0.678895  9 159
12 3 rs747089 57128909 0 DISEASE_LOCUS model-based -0.000000 0.500000 0.635448 0.676398 0.822111 0.764573  20 152
13 3 rs12495640 57135352 0 DISEASE_LOCUS model-based 0.000000 0.500000 0.159893 0.183937 0.647010 0.266191  64 108
14 3 rs6804331 105237077 0 DISEASE_LOCUS model-based 0.000000 0.500000 0.148848 0.150131 0.908861 0.250809  85 85
16 4 rs6534347 123417885 0 DISEASE_LOCUS model-based -0.000000 0.500000 0.345454 0.345454 1.000000 0.493130  33 141
17 4 rs7684187 123560609 0 DISEASE_LOCUS model-based 0.007391 0.426809 0.897775 0.875864 0.871547 0.898590  43 125
18 4 rs716501 123571375 0 DISEASE_LOCUS model-based -0.000000 0.500000 0.387864 0.387864 1.000000 0.538330  9 157
19 4 rs6822844 123728871 0 DISEASE_LOCUS model-based 0.000184 0.488392 0.579026 0.619464 0.803294 0.717739  2 168
20 4 rs6840978 123774157 0 DISEASE_LOCUS model-based 0.000000 0.500000 0.344581 0.344581 0.999476 0.492178  16 158
21 5 rs1562137 38587291 0 DISEASE_LOCUS model-based 0.297234 0.120998 0.332102 0.368401 0.220586 0.221861  41 127
23 5 rs157573 131642337 0 DISEASE_LOCUS model-based 0.152906 0.200695 0.609799 0.520199 0.457869 0.471673  7 39
24 5 rs20541 132023863 0 DISEASE_LOCUS model-based 0.000000 0.500000 0.278702 0.278702 0.999534 0.417442  22 148
25 5 rs17728338 150458511 0 DISEASE_LOCUS model-based 0.000467 0.481507 0.441519 0.787437 0.470090 0.591775  4 166
27 5 rs3212217 158687708 0 DISEASE_LOCUS model-based -0.000000 0.500000 0.477821 0.477821 0.999887 0.627559  49 125
28 5 rs6887695 158755223 0 DISEASE_LOCUS model-based 0.000000 0.500000 0.992010 0.992006 1.000000 0.995980  69 105
29 6 rs6908425 20836710 0 DISEASE_LOCUS model-based 0.062943 0.295165 0.098603 0.210874 0.228095 0.151753  22 148
30 6 rs10456057 31353513 0 DISEASE_LOCUS model-based 1.313751 0.006963 0.989606 0.686744 0.015269 0.031239  55 91
31 6 rs9264942 31382359 0 DISEASE_LOCUS model-based 0.875240 0.022349 0.691975 0.907583 0.041064 0.081979  35 137
32 6 rs10484554 31382534 0 DISEASE_LOCUS model-based 0.811571 0.026611 0.149921 0.889246 0.016130 0.035347  89 85
33 6 rs2395029 31539759 0 DISEASE_LOCUS model-based 0.148471 0.204153 0.014109 0.057954 0.077560 0.022248  15 159
34 6 rs610604 138241110 0 DISEASE_LOCUS model-based 0.001050 0.472278 0.326358 0.325147 1.000000 0.470717  82 88
35 7 rs1458549 34653317 0 DISEASE_LOCUS model-based 0.002532 0.456995 0.156749 0.155549 1.000000 0.260173  30 102
36 7 rs1023556 34663070 0 DISEASE_LOCUS model-based -0.000000 0.500000 0.124509 0.309722 0.249184 0.215928  52 118
38 9 rs823918 103703117 0 DISEASE_LOCUS model-based 0.483494 0.067822 0.985693 0.417363 0.210310 0.232020  24 148
39 9 rs823907 103734745 0 DISEASE_LOCUS model-based 0.036641 0.340627 0.355403 0.336307 0.753806 0.455753  29 143
40 9 rs1076160 134765855 0 DISEASE_LOCUS model-based 0.120539 0.228126 0.047674 0.829741 0.035314 0.070492  44 126
41 10 rs4143630 5053944 0 DISEASE_LOCUS model-based -0.000000 0.500000 0.208369 0.208369 0.999887 0.330814  77 93
42 10 rs11256433 6117851 0 DISEASE_LOCUS model-based 0.007498 0.426283 0.358852 0.349178 0.999681 0.497185  28 140
43 10 rs11256456 6120718 0 DISEASE_LOCUS model-based -0.000000 0.500000 0.359729 0.359729 0.999887 0.508583  28 142
45 10 rs412681 8154753 0 DISEASE_LOCUS model-based 0.257784 0.137944 0.334665 0.466911 0.207512 0.246202  6 164
47 11 rs2156832 80940682 0 DISEASE_LOCUS model-based 0.681614 0.038225 0.490027 0.695781 0.062786 0.110643  43 127
48 11 rs4944314 81022266 0 DISEASE_LOCUS model-based -0.000000 0.500000 0.432671 0.440215 0.887749 0.583856  62 108
49 12 rs7294533 52899041 0 DISEASE_LOCUS model-based 0.000000 0.500000 0.240782 0.240782 1.000000 0.371694  56 114
50 12 rs17118403 54916334 0 DISEASE_LOCUS model-based 0.165658 0.191213 0.913457 0.676731 0.438266 0.528813  8 162
51 12 rs10862209 79851086 0 DISEASE_LOCUS model-based 0.000000 0.500000 0.410252 0.410252 1.000000 0.561354  24 144
52 12 rs1163656 79861589 0 DISEASE_LOCUS model-based -0.000000 0.500000 0.758712 0.758712 1.000000 0.856314  58 114
54 13 rs3812888 39128294 0 DISEASE_LOCUS model-based -0.000000 0.500000 0.431745 0.431745 1.000000 0.582937  97 65
55 13 rs4569133 39137044 0 DISEASE_LOCUS model-based 0.166010 0.190960 0.202435 0.221464 0.344290 0.212510  43 127
56 13 rs4432137 39143500 0 DISEASE_LOCUS model-based 0.163888 0.192490 0.203247 0.201297 0.389442 0.214310  43 125
57 13 rs4334152 39155420 0 DISEASE_LOCUS model-based 0.040464 0.332999 0.178569 0.201954 0.544313 0.263203  45 125
58 13 rs9548884 39164064 0 DISEASE_LOCUS model-based 0.238183 0.147468 0.196886 0.305143 0.190896 0.173922  22 56
59 13 rs7993214 39248912 0 DISEASE_LOCUS model-based 0.000528 0.480328 0.187109 0.186801 0.999760 0.302613  49 125
60 13 rs9533089 41849012 0 DISEASE_LOCUS model-based 0.244725 0.144200 0.698988 0.913390 0.260741 0.393364  41 129
63 14 rs2282276 94730882 0 DISEASE_LOCUS model-based 1.918008 0.001485 0.467894 0.725957 0.002381 0.005754  15 155
64 14 rs1187614 94741624 0 DISEASE_LOCUS model-based -0.000000 0.500000 0.244826 0.244826 1.000000 0.376677  33 87
65 14 rs17091921 94745636 0 DISEASE_LOCUS model-based 0.530472 0.059025 0.071195 0.182387 0.047719 0.037447  33 137
66 14 rs12050375 95299616 0 DISEASE_LOCUS model-based 0.573743 0.052029 0.439090 0.592080 0.085684 0.134822  70 90
67 14 rs1951838 96289804 0 DISEASE_LOCUS model-based 0.545325 0.056513 0.234005 0.498826 0.062500 0.093923  59 109
68 14 rs926948 98164746 0 DISEASE_LOCUS model-based 0.768413 0.029983 0.754772 0.528766 0.071893 0.109439  25 141
69 15 rs2120444 50952910 0 DISEASE_LOCUS model-based -0.000000 0.500000 0.733180 0.806439 0.812621 0.838364  20 150
71 17 rs2288279 44016519 0 DISEASE_LOCUS model-based -0.000000 0.500000 0.348581 0.356732 0.864201 0.496537  31 139
72 17 rs9221 44030812 0 DISEASE_LOCUS model-based -0.000001 0.500000 0.655994 0.655996 1.000000 0.780768  24 146
73 17 rs534561 44941211 0 DISEASE_LOCUS model-based -0.000000 0.500000 0.197545 0.200502 0.882828 0.316766  72 82
74 17 rs7225887 78498133 0 DISEASE_LOCUS model-based 0.001100 0.471626 0.315179 0.313967 0.999701 0.458155  49 125
75 17 rs9303016 78517996 0 DISEASE_LOCUS model-based 0.000194 0.488064 0.403103 0.402802 0.999789 0.553754  80 92
76 17 rs1551628 78528901 0 DISEASE_LOCUS model-based -0.000000 0.500000 0.412820 0.417809 0.905151 0.563959  62 112
77 19 rs281440 10261304 0 DISEASE_LOCUS model-based 0.000360 0.483750 0.429827 0.835033 0.445693 0.580421  37 133
79 19 rs4804628 11631437 0 DISEASE_LOCUS model-based 0.385637 0.091316 0.820162 0.803458 0.183901 0.288695  118 48
80 19 rs3826689 17159893 0 DISEASE_LOCUS model-based -0.000000 0.500000 0.137546 0.200669 0.451178 0.234788  87 83
81 19 rs962917 17163247 0 DISEASE_LOCUS model-based -0.000000 0.500000 0.203496 0.289657 0.481357 0.324516  87 87
82 19 rs1545620 17164774 0 DISEASE_LOCUS model-based -0.000000 0.500000 0.137546 0.200669 0.451178 0.234788  87 83
83 19 rs1064305 17166440 0 DISEASE_LOCUS model-based -0.000000 0.500000 0.137476 0.200977 0.449976 0.234687  91 83
84 19 rs8108998 17175874 0 DISEASE_LOCUS model-based -0.000000 0.500000 0.203591 0.289114 0.482778 0.324639  85 87
85 19 rs12463169 17182669 0 DISEASE_LOCUS model-based 0.000000 0.500000 0.100968 0.183473 0.337189 0.180743  85 73
86 20 rs512625 3596378 0 DISEASE_LOCUS model-based 0.717987 0.034509 0.379647 0.440627 0.061991 0.086798  52 120
87 20 rs677044 3597431 0 DISEASE_LOCUS model-based 0.008708 0.420633 0.097859 0.212286 0.268450 0.172245  33 139
88 20 rs597980 3599165 0 DISEASE_LOCUS model-based 0.270223 0.132300 0.307862 0.215420 0.386569 0.224919  57 117
89 20 rs44707 3599226 0 DISEASE_LOCUS model-based 0.936473 0.018925 0.701260 0.854918 0.035408 0.071131  65 105
91 20 rs6076542 3633997 0 DISEASE_LOCUS model-based 0.000127 0.490332 0.576890 0.617753 0.802055 0.716064  2 170
92 20 rs1124057 11999590 0 DISEASE_LOCUS model-based 0.925980 0.019470 0.414860 0.883641 0.026759 0.055738  20 150
93 20 rs495337 47955737 0 DISEASE_LOCUS model-based 0.000000 0.500000 0.453924 0.509517 0.722877 0.604692  28 142
94 21 rs2836754 39213610 0 DISEASE_LOCUS model-based 0.008782 0.420304 0.081237 0.079241 1.000000 0.146783  77 93
95 25 rs4933045 214201 0 DISEASE_LOCUS model-based -0.000000 0.500000 0.145108 0.145109 0.999652 0.245540  52 122
